Using pre-set license
Built from '2020.3/staging' branch; Version is '2020.3.48f1 (b805b124c6b7) revision 12060081'; Using compiler version '192528614'; Build Type 'Release'
OS: 'Windows 10  (10.0.19045) 64bit Core' Language: 'en' Physical Memory: 16318 MB
BatchMode: 1, IsHumanControllingUs: 0, StartBugReporterOnCrash: 0, Is64bit: 1, IsPro: 0

COMMAND LINE ARGUMENTS:
D:\Unity\2020.3.48f1\Editor\Unity.exe
-adb2
-batchMode
-noUpm
-name
AssetImportWorker0
-projectPath
D:/Projects/My project
-logFile
Logs/AssetImportWorker0.log
-srvPort
50458
Successfully changed project path to: D:/Projects/My project
D:/Projects/My project
Using Asset Import Pipeline V2.
Player connection [10036] Host "[IP] 192.168.0.101 [Port] 1073959328 [Flags] 2 [Guid] 474020335 [EditorId] 474020335 [Version] 1048832 [Id] WindowsEditor(7,DESKTOP-HBN9076) [Debug] 1 [PackageName] WindowsEditor [ProjectName] Editor" joined multi-casting on [225.0.0.222:54997]...

Player connection [10036] Host "[IP] 192.168.0.101 [Port] 1073959328 [Flags] 2 [Guid] 474020335 [EditorId] 474020335 [Version] 1048832 [Id] WindowsEditor(7,DESKTOP-HBN9076) [Debug] 1 [PackageName] WindowsEditor [ProjectName] Editor" joined alternative multi-casting on [225.0.0.222:34997]...

Refreshing native plugins compatible for Editor in 83.86 ms, found 3 plugins.
Preloading 0 native plugins for Editor in 0.00 ms.
Initialize engine version: 2020.3.48f1 (b805b124c6b7)
[Subsystems] Discovering subsystems at path D:/Unity/2020.3.48f1/Editor/Data/Resources/UnitySubsystems
[Subsystems] Discovering subsystems at path D:/Projects/My project/Assets
GfxDevice: creating device client; threaded=0
Direct3D:
    Version:  Direct3D 11.0 [level 11.1]
    Renderer: NVIDIA GeForce GTX 1060 3GB (ID=0x1c02)
    Vendor:   
    VRAM:     2978 MB
    Driver:   31.0.15.2849
Initialize mono
Mono path[0] = 'D:/Unity/2020.3.48f1/Editor/Data/Managed'
Mono path[1] = 'D:/Unity/2020.3.48f1/Editor/Data/MonoBleedingEdge/lib/mono/unityjit'
Mono config path = 'D:/Unity/2020.3.48f1/Editor/Data/MonoBleedingEdge/etc'
Using monoOptions --debugger-agent=transport=dt_socket,embedding=1,server=y,suspend=n,address=127.0.0.1:56860
Begin MonoManager ReloadAssembly
Registering precompiled unity dll's ...
Register platform support module: D:/Unity/2020.3.48f1/Editor/Data/PlaybackEngines/WindowsStandaloneSupport/UnityEditor.WindowsStandalone.Extensions.dll
Registered in 0.000810 seconds.
Native extension for WindowsStandalone target not found
Refreshing native plugins compatible for Editor in 81.73 ms, found 3 plugins.
Preloading 0 native plugins for Editor in 0.00 ms.
Mono: successfully reloaded assembly
- Completed reload, in  0.580 seconds
Domain Reload Profiling:
	ReloadAssembly (580ms)
		BeginReloadAssembly (54ms)
			ExecutionOrderSort (0ms)
			DisableScriptedObjects (0ms)
			BackupInstance (0ms)
			ReleaseScriptingObjects (0ms)
			CreateAndSetChildDomain (1ms)
		EndReloadAssembly (467ms)
			LoadAssemblies (53ms)
			RebuildTransferFunctionScriptingTraits (0ms)
			SetupTypeCache (144ms)
			ReleaseScriptCaches (0ms)
			RebuildScriptCaches (29ms)
			SetupLoadedEditorAssemblies (199ms)
				LogAssemblyErrors (0ms)
				InitializePlatformSupportModulesInManaged (3ms)
				SetLoadedEditorAssemblies (0ms)
				RefreshPlugins (82ms)
				BeforeProcessingInitializeOnLoad (15ms)
				ProcessInitializeOnLoadAttributes (74ms)
				ProcessInitializeOnLoadMethodAttributes (25ms)
				AfterProcessingInitializeOnLoad (0ms)
				EditorAssembliesLoaded (0ms)
			ExecutionOrderSort2 (0ms)
			AwakeInstancesAfterBackupRestoration (0ms)
Platform modules already initialized, skipping
Registering precompiled user dll's ...
Registered in 0.004354 seconds.
Begin MonoManager ReloadAssembly
Symbol file LoadedFromMemory doesn't match image D:\Projects\My project\Library\PackageCache\com.unity.visualscripting@1.8.0\Editor\VisualScripting.Core\Dependencies\DotNetZip\Unity.VisualScripting.IonicZip.dll
Symbol file LoadedFromMemory doesn't match image D:\Projects\My project\Library\PackageCache\com.unity.visualscripting@1.8.0\Editor\VisualScripting.Core\Dependencies\YamlDotNet\Unity.VisualScripting.YamlDotNet.dll
Native extension for WindowsStandalone target not found
Refreshing native plugins compatible for Editor in 0.75 ms, found 3 plugins.
Preloading 0 native plugins for Editor in 0.00 ms.
Mono: successfully reloaded assembly
- Completed reload, in  1.127 seconds
Domain Reload Profiling:
	ReloadAssembly (1128ms)
		BeginReloadAssembly (132ms)
			ExecutionOrderSort (0ms)
			DisableScriptedObjects (4ms)
			BackupInstance (0ms)
			ReleaseScriptingObjects (0ms)
			CreateAndSetChildDomain (16ms)
		EndReloadAssembly (941ms)
			LoadAssemblies (98ms)
			RebuildTransferFunctionScriptingTraits (0ms)
			SetupTypeCache (327ms)
			ReleaseScriptCaches (1ms)
			RebuildScriptCaches (49ms)
			SetupLoadedEditorAssemblies (396ms)
				LogAssemblyErrors (0ms)
				InitializePlatformSupportModulesInManaged (4ms)
				SetLoadedEditorAssemblies (0ms)
				RefreshPlugins (1ms)
				BeforeProcessingInitializeOnLoad (103ms)
				ProcessInitializeOnLoadAttributes (215ms)
				ProcessInitializeOnLoadMethodAttributes (68ms)
				AfterProcessingInitializeOnLoad (4ms)
				EditorAssembliesLoaded (0ms)
			ExecutionOrderSort2 (0ms)
			AwakeInstancesAfterBackupRestoration (2ms)
Platform modules already initialized, skipping
========================================================================
Worker process is ready to serve import requests
Launched and connected shader compiler UnityShaderCompiler.exe after 0.04 seconds
Refreshing native plugins compatible for Editor in 0.95 ms, found 3 plugins.
Preloading 0 native plugins for Editor in 0.00 ms.
Unloading 3789 Unused Serialized files (Serialized files now loaded: 0)
System memory in use before: 126.5 MB.
System memory in use after: 126.7 MB.

Unloading 55 unused Assets to reduce memory usage. Loaded Objects now: 4197.
Total: 6.476900 ms (FindLiveObjects: 0.272500 ms CreateObjectMapping: 0.245900 ms MarkObjects: 5.839300 ms  DeleteObjects: 0.118100 ms)

AssetImportParameters requested are different than current active one (requested -> active):
  custom:framework-win-MediaFoundation: 216162199b28c13a410421893ffa2e32 -> 
  custom:video-decoder-ogg-theora: a1e56fd34408186e4bbccfd4996cb3dc -> 
  custom:container-muxer-webm: aa71ff27fc2769a1b78a27578f13a17b -> 
  custom:container-demuxer-webm: 4f35f7cbe854078d1ac9338744f61a02 -> 
  custom:container-demuxer-ogg: 62fdf1f143b41e24485cea50d1cbac27 -> 
  custom:video-encoder-webm-vp8: eb34c28f22e8b96e1ab97ce403110664 -> 
  custom:video-decoder-webm-vp8: 9c59270c3fd7afecdb556c50c9e8de78 -> 
  custom:audio-decoder-ogg-vorbis: bf7c407c2cedff20999df2af8eb42d56 -> 
  custom:audio-encoder-webm-vorbis: bf7c407c2cedff20999df2af8eb42d56 -> 
========================================================================
Received Import Request.
  path: Assets/Scenes/SampleScene.unity
  artifactKey: Guid(9fc0d4010bbf28b4594072e72b8655ab) Importer(815301076,1909f56bfc062723c751e8b465ee728b)
Start importing Assets/Scenes/SampleScene.unity using Guid(9fc0d4010bbf28b4594072e72b8655ab) Importer(815301076,1909f56bfc062723c751e8b465ee728b)  -> (artifact id: '94c55409359c0051422e58de30b0573d') in 0.010521 seconds 
========================================================================
Received Import Request.
  Time since last request: 4.893588 seconds.
  path: Assets/Scenes/MainScene.unity
  artifactKey: Guid(9fc0d4010bbf28b4594072e72b8655ab) Importer(815301076,1909f56bfc062723c751e8b465ee728b)
Start importing Assets/Scenes/MainScene.unity using Guid(9fc0d4010bbf28b4594072e72b8655ab) Importer(815301076,1909f56bfc062723c751e8b465ee728b)  -> (artifact id: '2b9a7fe9334482ce7f8ed4df308cafef') in 0.010904 seconds 
========================================================================
Received Import Request.
  Time since last request: 429.611768 seconds.
  path: Assets/Art
  artifactKey: Guid(165b784680c29ac419ab66b9b1f0eaa0) Importer(815301076,1909f56bfc062723c751e8b465ee728b)
Start importing Assets/Art using Guid(165b784680c29ac419ab66b9b1f0eaa0) Importer(815301076,1909f56bfc062723c751e8b465ee728b)  -> (artifact id: '49f2d9e5f4c5f2e9c0f691a51abe8384') in 0.006019 seconds 
========================================================================
Received Import Request.
  Time since last request: 6.702794 seconds.
  path: Assets/Art/snakes_bg.png
  artifactKey: Guid(5fa0d57a6c036a542b3f33dcf6d37fd8) Importer(815301076,1909f56bfc062723c751e8b465ee728b)
Start importing Assets/Art/snakes_bg.png using Guid(5fa0d57a6c036a542b3f33dcf6d37fd8) Importer(815301076,1909f56bfc062723c751e8b465ee728b)  -> (artifact id: '06afd47c154cbe2edb03a1f44fb4c3ce') in 0.082345 seconds 
========================================================================
Received Import Request.
  Time since last request: 316.137051 seconds.
  path: Assets
  artifactKey: Guid(00000000000000001000000000000000) Importer(815301076,1909f56bfc062723c751e8b465ee728b)
Start importing Assets using Guid(00000000000000001000000000000000) Importer(815301076,1909f56bfc062723c751e8b465ee728b)  -> (artifact id: '42d402b061de3733987d63b9cc3b64de') in 0.006843 seconds 
========================================================================
Received Import Request.
  Time since last request: 4.669270 seconds.
  path: Assets/New Prefab.prefab
  artifactKey: Guid(c661c88abe7732340b8865c1de2e3ebf) Importer(815301076,1909f56bfc062723c751e8b465ee728b)
Start importing Assets/New Prefab.prefab using Guid(c661c88abe7732340b8865c1de2e3ebf) Importer(815301076,1909f56bfc062723c751e8b465ee728b)  -> (artifact id: 'a104c3d8ece85f8609263b795ae69830') in 0.014986 seconds 
========================================================================
Received Import Request.
  Time since last request: 4.369033 seconds.
  path: Assets/Prefabs
  artifactKey: Guid(12a939cca69846c4c8d3650b3e511fbf) Importer(815301076,1909f56bfc062723c751e8b465ee728b)
Start importing Assets/Prefabs using Guid(12a939cca69846c4c8d3650b3e511fbf) Importer(815301076,1909f56bfc062723c751e8b465ee728b)  -> (artifact id: '4cb642ec9f861e57503bb4c0db06343d') in 0.006417 seconds 
========================================================================
Received Import Request.
  Time since last request: 5.540284 seconds.
  path: Assets/Prefabs/GameBoard.prefab
  artifactKey: Guid(b156857197be8eb45b85ae8ad7e08952) Importer(815301076,1909f56bfc062723c751e8b465ee728b)
Start importing Assets/Prefabs/GameBoard.prefab using Guid(b156857197be8eb45b85ae8ad7e08952) Importer(815301076,1909f56bfc062723c751e8b465ee728b)  -> (artifact id: 'b97726f4b1b028642f51e7f1c42ae324') in 0.050510 seconds 
========================================================================
Received Import Request.
  Time since last request: 61.825165 seconds.
  path: Assets/Prefabs/Tile.prefab
  artifactKey: Guid(5e5bf36f38474684f83cae01a4a6ea4f) Importer(815301076,1909f56bfc062723c751e8b465ee728b)
Start importing Assets/Prefabs/Tile.prefab using Guid(5e5bf36f38474684f83cae01a4a6ea4f) Importer(815301076,1909f56bfc062723c751e8b465ee728b)  -> (artifact id: 'e5a383047dd119e30bff70fbc75ab94e') in 0.011223 seconds 
AssetImportWorkerClient::OnTransportError - code=2 error=End of file
